0 verbose cli [
0 verbose cli   '/usr/local/bin/node',
0 verbose cli   '/usr/local/bin/npm',
0 verbose cli   'install',
0 verbose cli   'scss',
0 verbose cli   '-g'
0 verbose cli ]
1 info using npm@8.1.0
2 info using node@v16.13.0
3 timing npm:load:whichnode Completed in 0ms
4 timing config:load:defaults Completed in 2ms
5 timing config:load:file:/usr/local/lib/node_modules/npm/npmrc Completed in 1ms
6 timing config:load:builtin Completed in 1ms
7 timing config:load:cli Completed in 3ms
8 timing config:load:env Completed in 0ms
9 timing config:load:file:/Users/ryan/test/.npmrc Completed in 1ms
10 timing config:load:project Completed in 2ms
11 timing config:load:file:/Users/ryan/.npmrc Completed in 0ms
12 timing config:load:user Completed in 0ms
13 timing config:load:file:/usr/local/etc/npmrc Completed in 0ms
14 timing config:load:global Completed in 0ms
15 timing config:load:validate Completed in 1ms
16 timing config:load:credentials Completed in 1ms
17 timing config:load:setEnvs Completed in 1ms
18 timing config:load Completed in 11ms
19 timing npm:load:configload Completed in 11ms
20 timing npm:load:setTitle Completed in 21ms
21 timing npm:load:setupLog Completed in 1ms
22 timing config:load:flatten Completed in 4ms
23 timing npm:load:cleanupLog Completed in 2ms
24 timing npm:load:configScope Completed in 0ms
25 timing npm:load:projectScope Completed in 1ms
26 timing npm:load Completed in 41ms
27 timing arborist:ctor Completed in 2ms
28 timing idealTree:init Completed in 18ms
29 timing idealTree:userRequests Completed in 2ms
30 silly idealTree buildDeps
31 silly fetch manifest scss@*
32 http fetch GET 200 https://registry.npmjs.org/scss 1005ms (cache miss)
33 silly placeDep ROOT scss@0.2.4 OK for:  want: *
34 silly fetch manifest ometa@0.2.2
35 http fetch GET 200 https://registry.npmjs.org/ometa 715ms (cache miss)
36 timing idealTree:#root Completed in 1741ms
37 silly placeDep node_modules/scss ometa@0.2.2 OK for: scss@0.2.4 want: 0.2.2
38 timing idealTree:node_modules/scss Completed in 3ms
39 timing idealTree:node_modules/scss/node_modules/ometa Completed in 0ms
40 timing idealTree:buildDeps Completed in 1746ms
41 timing idealTree:fixDepFlags Completed in 1ms
42 timing idealTree Completed in 1770ms
43 timing reify:loadTrees Completed in 1772ms
44 timing reify:diffTrees Completed in 1ms
45 silly reify moves {}
46 timing reify:retireShallow Completed in 0ms
47 timing reify:rollback:createSparse Completed in 0ms
48 timing reify:rollback:retireShallow Completed in 0ms
49 timing command:install Completed in 1832ms
50 verbose stack Error: EACCES: permission denied, mkdir '/usr/local/lib/node_modules/scss'
51 verbose cwd /Users/ryan/test
52 verbose Darwin 21.1.0
53 verbose argv "/usr/local/bin/node" "/usr/local/bin/npm" "install" "scss" "-g"
54 verbose node v16.13.0
55 verbose npm  v8.1.0
56 error code EACCES
57 error syscall mkdir
58 error path /usr/local/lib/node_modules/scss
59 error errno -13
60 error Error: EACCES: permission denied, mkdir '/usr/local/lib/node_modules/scss'
60 error  [Error: EACCES: permission denied, mkdir '/usr/local/lib/node_modules/scss'] {
60 error   errno: -13,
60 error   code: 'EACCES',
60 error   syscall: 'mkdir',
60 error   path: '/usr/local/lib/node_modules/scss'
60 error }
61 error The operation was rejected by your operating system.
61 error It is likely you do not have the permissions to access this file as the current user
61 error
61 error If you believe this might be a permissions issue, please double-check the
61 error permissions of the file and its containing directories, or try running
61 error the command again as root/Administrator.
62 verbose exit -13
