0 verbose cli [
0 verbose cli   '/usr/local/bin/node',
0 verbose cli   '/usr/local/bin/npm',
0 verbose cli   'install',
0 verbose cli   'sass',
0 verbose cli   '-g'
0 verbose cli ]
1 info using npm@8.1.0
2 info using node@v16.13.0
3 timing npm:load:whichnode Completed in 1ms
4 timing config:load:defaults Completed in 2ms
5 timing config:load:file:/usr/local/lib/node_modules/npm/npmrc Completed in 1ms
6 timing config:load:builtin Completed in 1ms
7 timing config:load:cli Completed in 2ms
8 timing config:load:env Completed in 1ms
9 timing config:load:file:/Users/ryan/test/.npmrc Completed in 0ms
10 timing config:load:project Completed in 1ms
11 timing config:load:file:/Users/ryan/.npmrc Completed in 0ms
12 timing config:load:user Completed in 0ms
13 timing config:load:file:/usr/local/etc/npmrc Completed in 1ms
14 timing config:load:global Completed in 1ms
15 timing config:load:validate Completed in 0ms
16 timing config:load:credentials Completed in 1ms
17 timing config:load:setEnvs Completed in 1ms
18 timing config:load Completed in 10ms
19 timing npm:load:configload Completed in 10ms
20 timing npm:load:setTitle Completed in 22ms
21 timing npm:load:setupLog Completed in 1ms
22 timing config:load:flatten Completed in 3ms
23 timing npm:load:cleanupLog Completed in 3ms
24 timing npm:load:configScope Completed in 0ms
25 timing npm:load:projectScope Completed in 1ms
26 timing npm:load Completed in 42ms
27 timing arborist:ctor Completed in 1ms
28 timing idealTree:init Completed in 6ms
29 timing idealTree:userRequests Completed in 4ms
30 silly idealTree buildDeps
31 silly fetch manifest sass@*
32 http fetch GET 200 https://registry.npmjs.org/sass 21ms (cache hit)
33 silly placeDep ROOT sass@1.43.4 OK for:  want: *
34 silly fetch manifest chokidar@>=3.0.0 <4.0.0
35 http fetch GET 200 https://registry.npmjs.org/chokidar 6ms (cache hit)
36 timing idealTree:#root Completed in 42ms
37 silly placeDep node_modules/sass chokidar@3.5.2 OK for: sass@1.43.4 want: >=3.0.0 <4.0.0
38 silly fetch manifest anymatch@~3.1.2
39 silly fetch manifest braces@~3.0.2
40 silly fetch manifest glob-parent@~5.1.2
41 silly fetch manifest is-binary-path@~2.1.0
42 silly fetch manifest is-glob@~4.0.1
43 silly fetch manifest normalize-path@~3.0.0
44 silly fetch manifest readdirp@~3.6.0
45 silly fetch manifest fsevents@~2.3.2
46 http fetch GET 200 https://registry.npmjs.org/glob-parent 24ms (cache hit)
47 http fetch GET 200 https://registry.npmjs.org/anymatch 26ms (cache hit)
48 http fetch GET 200 https://registry.npmjs.org/readdirp 24ms (cache hit)
49 http fetch GET 200 https://registry.npmjs.org/braces 28ms (cache hit)
50 http fetch GET 200 https://registry.npmjs.org/normalize-path 27ms (cache hit)
51 http fetch GET 200 https://registry.npmjs.org/is-glob 28ms (cache hit)
52 http fetch GET 200 https://registry.npmjs.org/is-binary-path 30ms (cache hit)
53 http fetch GET 200 https://registry.npmjs.org/fsevents 29ms (cache hit)
54 timing idealTree:node_modules/sass Completed in 38ms
55 silly placeDep node_modules/sass anymatch@3.1.2 OK for: chokidar@3.5.2 want: ~3.1.2
56 silly placeDep node_modules/sass braces@3.0.2 OK for: chokidar@3.5.2 want: ~3.0.2
57 silly placeDep node_modules/sass fsevents@2.3.2 OK for: chokidar@3.5.2 want: ~2.3.2
58 silly placeDep node_modules/sass glob-parent@5.1.2 OK for: chokidar@3.5.2 want: ~5.1.2
59 silly placeDep node_modules/sass is-binary-path@2.1.0 OK for: chokidar@3.5.2 want: ~2.1.0
60 silly placeDep node_modules/sass is-glob@4.0.3 OK for: chokidar@3.5.2 want: ~4.0.1
61 silly placeDep node_modules/sass normalize-path@3.0.0 OK for: chokidar@3.5.2 want: ~3.0.0
62 silly placeDep node_modules/sass readdirp@3.6.0 OK for: chokidar@3.5.2 want: ~3.6.0
63 silly fetch manifest picomatch@^2.0.4
64 silly fetch manifest fill-range@^7.0.1
65 silly fetch manifest binary-extensions@^2.0.0
66 silly fetch manifest is-extglob@^2.1.1
67 silly fetch manifest picomatch@^2.2.1
68 http fetch GET 200 https://registry.npmjs.org/binary-extensions 12ms (cache hit)
69 http fetch GET 200 https://registry.npmjs.org/fill-range 13ms (cache hit)
70 http fetch GET 200 https://registry.npmjs.org/is-extglob 13ms (cache hit)
71 http fetch GET 200 https://registry.npmjs.org/picomatch 16ms (cache hit)
72 timing idealTree:node_modules/sass/node_modules/chokidar Completed in 38ms
73 silly placeDep node_modules/sass picomatch@2.3.0 OK for: anymatch@3.1.2 want: ^2.0.4
74 timing idealTree:node_modules/sass/node_modules/anymatch Completed in 1ms
75 silly placeDep node_modules/sass fill-range@7.0.1 OK for: braces@3.0.2 want: ^7.0.1
76 silly fetch manifest to-regex-range@^5.0.1
77 http fetch GET 200 https://registry.npmjs.org/to-regex-range 7ms (cache hit)
78 timing idealTree:node_modules/sass/node_modules/braces Completed in 8ms
79 silly placeDep node_modules/sass to-regex-range@5.0.1 OK for: fill-range@7.0.1 want: ^5.0.1
80 silly fetch manifest is-number@^7.0.0
81 http fetch GET 200 https://registry.npmjs.org/is-number 4ms (cache hit)
82 timing idealTree:node_modules/sass/node_modules/fill-range Completed in 8ms
83 timing idealTree:node_modules/sass/node_modules/fsevents Completed in 0ms
84 timing idealTree:node_modules/sass/node_modules/glob-parent Completed in 0ms
85 silly placeDep node_modules/sass binary-extensions@2.2.0 OK for: is-binary-path@2.1.0 want: ^2.0.0
86 timing idealTree:node_modules/sass/node_modules/is-binary-path Completed in 1ms
87 timing idealTree:node_modules/sass/node_modules/binary-extensions Completed in 1ms
88 silly placeDep node_modules/sass is-extglob@2.1.1 OK for: is-glob@4.0.3 want: ^2.1.1
89 timing idealTree:node_modules/sass/node_modules/is-glob Completed in 1ms
90 timing idealTree:node_modules/sass/node_modules/is-extglob Completed in 0ms
91 timing idealTree:node_modules/sass/node_modules/normalize-path Completed in 0ms
92 timing idealTree:node_modules/sass/node_modules/picomatch Completed in 0ms
93 timing idealTree:node_modules/sass/node_modules/readdirp Completed in 0ms
94 silly placeDep node_modules/sass is-number@7.0.0 OK for: to-regex-range@5.0.1 want: ^7.0.0
95 timing idealTree:node_modules/sass/node_modules/to-regex-range Completed in 1ms
96 timing idealTree:node_modules/sass/node_modules/is-number Completed in 0ms
97 timing idealTree:buildDeps Completed in 143ms
98 timing idealTree:fixDepFlags Completed in 2ms
99 timing idealTree Completed in 157ms
100 timing reify:loadTrees Completed in 159ms
101 timing reify:diffTrees Completed in 2ms
102 silly reify moves {}
103 timing reify:retireShallow Completed in 0ms
104 timing reify:rollback:createSparse Completed in 0ms
105 timing reify:rollback:retireShallow Completed in 0ms
106 timing command:install Completed in 190ms
107 verbose stack Error: EACCES: permission denied, mkdir '/usr/local/lib/node_modules/sass'
108 verbose cwd /Users/ryan/test
109 verbose Darwin 21.1.0
110 verbose argv "/usr/local/bin/node" "/usr/local/bin/npm" "install" "sass" "-g"
111 verbose node v16.13.0
112 verbose npm  v8.1.0
113 error code EACCES
114 error syscall mkdir
115 error path /usr/local/lib/node_modules/sass
116 error errno -13
117 error Error: EACCES: permission denied, mkdir '/usr/local/lib/node_modules/sass'
117 error  [Error: EACCES: permission denied, mkdir '/usr/local/lib/node_modules/sass'] {
117 error   errno: -13,
117 error   code: 'EACCES',
117 error   syscall: 'mkdir',
117 error   path: '/usr/local/lib/node_modules/sass'
117 error }
118 error The operation was rejected by your operating system.
118 error It is likely you do not have the permissions to access this file as the current user
118 error
118 error If you believe this might be a permissions issue, please double-check the
118 error permissions of the file and its containing directories, or try running
118 error the command again as root/Administrator.
119 verbose exit -13
